svn, version 1.14.0 (r1876290)
   compiled Aug 17 2020, 17:01:19 on x86_64-pc-linux-gnu

Copyright (C) 2020 The Apache Software Foundation.
This software consists of contributions made by many people;
see the NOTICE file for more information.
Subversion is open source software, see http://subversion.apache.org/

The following repository access (RA) modules are available:

* ra_svn : Module for accessing a repository using the svn network protocol.
  - with Cyrus SASL authentication
  - handles 'svn' scheme
* ra_local : Module for accessing a repository on local disk.
  - handles 'file' scheme
* ra_serf : Module for accessing a repository via WebDAV protocol using serf.
  - using serf 1.3.9 (compiled with 1.3.9)
  - handles 'http' scheme
  - handles 'https' scheme

The following authentication credential caches are available:

* Gnome Keyring
* GPG-Agent
* KWallet (KDE)

svn: E215004: Authentication failed and interactive prompting is disabled; see the --force-interactive option
svn: E215004: Commit failed (details follow):
svn: E215004: No more credentials or we tried too many times.
Authentication failed
Updating '.':
At revision 35716.
Updating '/home/leif/JOSMFolder/josm/dist/Lanes.jar':
At revision 35716.
svn: E200009: Commit failed (details follow):
svn: E200009: '/home/leif/JOSMFolder/josm/dist/Lanes.jar' is not under version control
svn, version 1.14.0 (r1876290)
   compiled Aug 17 2020, 17:01:19 on x86_64-pc-linux-gnu

Copyright (C) 2020 The Apache Software Foundation.
This software consists of contributions made by many people;
see the NOTICE file for more information.
Subversion is open source software, see http://subversion.apache.org/

The following repository access (RA) modules are available:

* ra_svn : Module for accessing a repository using the svn network protocol.
  - with Cyrus SASL authentication
  - handles 'svn' scheme
* ra_local : Module for accessing a repository on local disk.
  - handles 'file' scheme
* ra_serf : Module for accessing a repository via WebDAV protocol using serf.
  - using serf 1.3.9 (compiled with 1.3.9)
  - handles 'http' scheme
  - handles 'https' scheme

The following authentication credential caches are available:

* Gnome Keyring
* GPG-Agent
* KWallet (KDE)

svn: E215004: Authentication failed and interactive prompting is disabled; see the --force-interactive option
svn: E215004: Commit failed (details follow):
svn: E215004: No more credentials or we tried too many times.
Authentication failed
Updating '.':
At revision 35716.
Updating '/home/leif/JOSMFolder/josm/dist/Lanes.jar':
At revision 35716.
svn: E200009: Commit failed (details follow):
svn: E200009: '/home/leif/JOSMFolder/josm/dist/Lanes.jar' is not under version control
svn, version 1.14.0 (r1876290)
   compiled Aug 17 2020, 17:01:19 on x86_64-pc-linux-gnu

Copyright (C) 2020 The Apache Software Foundation.
This software consists of contributions made by many people;
see the NOTICE file for more information.
Subversion is open source software, see http://subversion.apache.org/

The following repository access (RA) modules are available:

* ra_svn : Module for accessing a repository using the svn network protocol.
  - with Cyrus SASL authentication
  - handles 'svn' scheme
* ra_local : Module for accessing a repository on local disk.
  - handles 'file' scheme
* ra_serf : Module for accessing a repository via WebDAV protocol using serf.
  - using serf 1.3.9 (compiled with 1.3.9)
  - handles 'http' scheme
  - handles 'https' scheme

The following authentication credential caches are available:

* Gnome Keyring
* GPG-Agent
* KWallet (KDE)

svn: E215004: Authentication failed and interactive prompting is disabled; see the --force-interactive option
svn: E215004: Commit failed (details follow):
svn: E215004: No more credentials or we tried too many times.
Authentication failed
Updating '.':
At revision 35716.
Updating '/home/leif/JOSMFolder/josm/dist/Lanes.jar':
At revision 35716.
svn: E200009: Commit failed (details follow):
svn: E200009: '/home/leif/JOSMFolder/josm/dist/Lanes.jar' is not under version control
